CRITICAL - 2026-06-29 20:48:06 --> ErrorException: include_once(/home/zax/Documents/GitHub/Location/app/Views/index/includes/header.php): Failed to open stream: No such file or directory
[Method: GET, Route: /]
in APPPATH/Views/index/dashboard.php on line 2.
 1 APPPATH/Views/index/dashboard.php(2): CodeIgniter\Debug\Exceptions->errorHandler()
 2 APPPATH/Views/index/dashboard.php(2): include_once()
 3 SYSTEMPATH/View/View.php(240): include('/home/zax/Documents/GitHub/Location/app/Views/index/dashboard.php')
 4 SYSTEMPATH/View/View.php(243): CodeIgniter\View\View->CodeIgniter\View\{closure}()
 5 SYSTEMPATH/Common.php(1250): CodeIgniter\View\View->render()
 6 APPPATH/Controllers/Home.php(9): view()
 7 SYSTEMPATH/CodeIgniter.php(951): App\Controllers\Home->index()
 8 SYSTEMPATH/CodeIgniter.php(497): CodeIgniter\CodeIgniter->runController()
 9 SYSTEMPATH/CodeIgniter.php(340): CodeIgniter\CodeIgniter->handleRequest()
10 SYSTEMPATH/Boot.php(417): CodeIgniter\CodeIgniter->run()
11 SYSTEMPATH/Boot.php(68): CodeIgniter\Boot::runCodeIgniter()
12 FCPATH/index.php(59): CodeIgniter\Boot::bootWeb()
13 SYSTEMPATH/rewrite.php(44): require_once('/home/zax/Documents/GitHub/Location/public/index.php')
CRITICAL - 2026-06-29 20:49:53 --> ErrorException: require(/home/zax/Documents/GitHub/Location/app/Views/index/includes/header.php): Failed to open stream: No such file or directory
[Method: GET, Route: /]
in APPPATH/Views/index/dashboard.php on line 2.
 1 APPPATH/Views/index/dashboard.php(2): CodeIgniter\Debug\Exceptions->errorHandler()
 2 APPPATH/Views/index/dashboard.php(2): require()
 3 SYSTEMPATH/View/View.php(240): include('/home/zax/Documents/GitHub/Location/app/Views/index/dashboard.php')
 4 SYSTEMPATH/View/View.php(243): CodeIgniter\View\View->CodeIgniter\View\{closure}()
 5 SYSTEMPATH/Common.php(1250): CodeIgniter\View\View->render()
 6 APPPATH/Controllers/Home.php(9): view()
 7 SYSTEMPATH/CodeIgniter.php(951): App\Controllers\Home->index()
 8 SYSTEMPATH/CodeIgniter.php(497): CodeIgniter\CodeIgniter->runController()
 9 SYSTEMPATH/CodeIgniter.php(340): CodeIgniter\CodeIgniter->handleRequest()
10 SYSTEMPATH/Boot.php(417): CodeIgniter\CodeIgniter->run()
11 SYSTEMPATH/Boot.php(68): CodeIgniter\Boot::runCodeIgniter()
12 FCPATH/index.php(59): CodeIgniter\Boot::bootWeb()
13 SYSTEMPATH/rewrite.php(44): require_once('/home/zax/Documents/GitHub/Location/public/index.php')
CRITICAL - 2026-06-29 20:49:54 --> ErrorException: require(/home/zax/Documents/GitHub/Location/app/Views/index/includes/header.php): Failed to open stream: No such file or directory
[Method: GET, Route: /]
in APPPATH/Views/index/dashboard.php on line 2.
 1 APPPATH/Views/index/dashboard.php(2): CodeIgniter\Debug\Exceptions->errorHandler()
 2 APPPATH/Views/index/dashboard.php(2): require()
 3 SYSTEMPATH/View/View.php(240): include('/home/zax/Documents/GitHub/Location/app/Views/index/dashboard.php')
 4 SYSTEMPATH/View/View.php(243): CodeIgniter\View\View->CodeIgniter\View\{closure}()
 5 SYSTEMPATH/Common.php(1250): CodeIgniter\View\View->render()
 6 APPPATH/Controllers/Home.php(9): view()
 7 SYSTEMPATH/CodeIgniter.php(951): App\Controllers\Home->index()
 8 SYSTEMPATH/CodeIgniter.php(497): CodeIgniter\CodeIgniter->runController()
 9 SYSTEMPATH/CodeIgniter.php(340): CodeIgniter\CodeIgniter->handleRequest()
10 SYSTEMPATH/Boot.php(417): CodeIgniter\CodeIgniter->run()
11 SYSTEMPATH/Boot.php(68): CodeIgniter\Boot::runCodeIgniter()
12 FCPATH/index.php(59): CodeIgniter\Boot::bootWeb()
13 SYSTEMPATH/rewrite.php(44): require_once('/home/zax/Documents/GitHub/Location/public/index.php')
CRITICAL - 2026-06-29 20:49:55 --> ErrorException: require(/home/zax/Documents/GitHub/Location/app/Views/index/includes/header.php): Failed to open stream: No such file or directory
[Method: GET, Route: /]
in APPPATH/Views/index/dashboard.php on line 2.
 1 APPPATH/Views/index/dashboard.php(2): CodeIgniter\Debug\Exceptions->errorHandler()
 2 APPPATH/Views/index/dashboard.php(2): require()
 3 SYSTEMPATH/View/View.php(240): include('/home/zax/Documents/GitHub/Location/app/Views/index/dashboard.php')
 4 SYSTEMPATH/View/View.php(243): CodeIgniter\View\View->CodeIgniter\View\{closure}()
 5 SYSTEMPATH/Common.php(1250): CodeIgniter\View\View->render()
 6 APPPATH/Controllers/Home.php(9): view()
 7 SYSTEMPATH/CodeIgniter.php(951): App\Controllers\Home->index()
 8 SYSTEMPATH/CodeIgniter.php(497): CodeIgniter\CodeIgniter->runController()
 9 SYSTEMPATH/CodeIgniter.php(340): CodeIgniter\CodeIgniter->handleRequest()
10 SYSTEMPATH/Boot.php(417): CodeIgniter\CodeIgniter->run()
11 SYSTEMPATH/Boot.php(68): CodeIgniter\Boot::runCodeIgniter()
12 FCPATH/index.php(59): CodeIgniter\Boot::bootWeb()
13 SYSTEMPATH/rewrite.php(44): require_once('/home/zax/Documents/GitHub/Location/public/index.php')
CRITICAL - 2026-06-29 20:49:55 --> ErrorException: require(/home/zax/Documents/GitHub/Location/app/Views/index/includes/header.php): Failed to open stream: No such file or directory
[Method: GET, Route: /]
in APPPATH/Views/index/dashboard.php on line 2.
 1 APPPATH/Views/index/dashboard.php(2): CodeIgniter\Debug\Exceptions->errorHandler()
 2 APPPATH/Views/index/dashboard.php(2): require()
 3 SYSTEMPATH/View/View.php(240): include('/home/zax/Documents/GitHub/Location/app/Views/index/dashboard.php')
 4 SYSTEMPATH/View/View.php(243): CodeIgniter\View\View->CodeIgniter\View\{closure}()
 5 SYSTEMPATH/Common.php(1250): CodeIgniter\View\View->render()
 6 APPPATH/Controllers/Home.php(9): view()
 7 SYSTEMPATH/CodeIgniter.php(951): App\Controllers\Home->index()
 8 SYSTEMPATH/CodeIgniter.php(497): CodeIgniter\CodeIgniter->runController()
 9 SYSTEMPATH/CodeIgniter.php(340): CodeIgniter\CodeIgniter->handleRequest()
10 SYSTEMPATH/Boot.php(417): CodeIgniter\CodeIgniter->run()
11 SYSTEMPATH/Boot.php(68): CodeIgniter\Boot::runCodeIgniter()
12 FCPATH/index.php(59): CodeIgniter\Boot::bootWeb()
13 SYSTEMPATH/rewrite.php(44): require_once('/home/zax/Documents/GitHub/Location/public/index.php')
CRITICAL - 2026-06-29 20:49:56 --> ErrorException: require(/home/zax/Documents/GitHub/Location/app/Views/index/includes/header.php): Failed to open stream: No such file or directory
[Method: GET, Route: /]
in APPPATH/Views/index/dashboard.php on line 2.
 1 APPPATH/Views/index/dashboard.php(2): CodeIgniter\Debug\Exceptions->errorHandler()
 2 APPPATH/Views/index/dashboard.php(2): require()
 3 SYSTEMPATH/View/View.php(240): include('/home/zax/Documents/GitHub/Location/app/Views/index/dashboard.php')
 4 SYSTEMPATH/View/View.php(243): CodeIgniter\View\View->CodeIgniter\View\{closure}()
 5 SYSTEMPATH/Common.php(1250): CodeIgniter\View\View->render()
 6 APPPATH/Controllers/Home.php(9): view()
 7 SYSTEMPATH/CodeIgniter.php(951): App\Controllers\Home->index()
 8 SYSTEMPATH/CodeIgniter.php(497): CodeIgniter\CodeIgniter->runController()
 9 SYSTEMPATH/CodeIgniter.php(340): CodeIgniter\CodeIgniter->handleRequest()
10 SYSTEMPATH/Boot.php(417): CodeIgniter\CodeIgniter->run()
11 SYSTEMPATH/Boot.php(68): CodeIgniter\Boot::runCodeIgniter()
12 FCPATH/index.php(59): CodeIgniter\Boot::bootWeb()
13 SYSTEMPATH/rewrite.php(44): require_once('/home/zax/Documents/GitHub/Location/public/index.php')
CRITICAL - 2026-06-29 20:50:28 --> ErrorException: require(/home/zax/Documents/GitHub/Location/app/Views/indexviews/includes/header.php): Failed to open stream: No such file or directory
[Method: GET, Route: /]
in APPPATH/Views/index/dashboard.php on line 2.
 1 APPPATH/Views/index/dashboard.php(2): CodeIgniter\Debug\Exceptions->errorHandler()
 2 APPPATH/Views/index/dashboard.php(2): require()
 3 SYSTEMPATH/View/View.php(240): include('/home/zax/Documents/GitHub/Location/app/Views/index/dashboard.php')
 4 SYSTEMPATH/View/View.php(243): CodeIgniter\View\View->CodeIgniter\View\{closure}()
 5 SYSTEMPATH/Common.php(1250): CodeIgniter\View\View->render()
 6 APPPATH/Controllers/Home.php(9): view()
 7 SYSTEMPATH/CodeIgniter.php(951): App\Controllers\Home->index()
 8 SYSTEMPATH/CodeIgniter.php(497): CodeIgniter\CodeIgniter->runController()
 9 SYSTEMPATH/CodeIgniter.php(340): CodeIgniter\CodeIgniter->handleRequest()
10 SYSTEMPATH/Boot.php(417): CodeIgniter\CodeIgniter->run()
11 SYSTEMPATH/Boot.php(68): CodeIgniter\Boot::runCodeIgniter()
12 FCPATH/index.php(59): CodeIgniter\Boot::bootWeb()
13 SYSTEMPATH/rewrite.php(44): require_once('/home/zax/Documents/GitHub/Location/public/index.php')
CRITICAL - 2026-06-29 20:50:30 --> ErrorException: require(/home/zax/Documents/GitHub/Location/app/Views/indexviews/includes/header.php): Failed to open stream: No such file or directory
[Method: GET, Route: /]
in APPPATH/Views/index/dashboard.php on line 2.
 1 APPPATH/Views/index/dashboard.php(2): CodeIgniter\Debug\Exceptions->errorHandler()
 2 APPPATH/Views/index/dashboard.php(2): require()
 3 SYSTEMPATH/View/View.php(240): include('/home/zax/Documents/GitHub/Location/app/Views/index/dashboard.php')
 4 SYSTEMPATH/View/View.php(243): CodeIgniter\View\View->CodeIgniter\View\{closure}()
 5 SYSTEMPATH/Common.php(1250): CodeIgniter\View\View->render()
 6 APPPATH/Controllers/Home.php(9): view()
 7 SYSTEMPATH/CodeIgniter.php(951): App\Controllers\Home->index()
 8 SYSTEMPATH/CodeIgniter.php(497): CodeIgniter\CodeIgniter->runController()
 9 SYSTEMPATH/CodeIgniter.php(340): CodeIgniter\CodeIgniter->handleRequest()
10 SYSTEMPATH/Boot.php(417): CodeIgniter\CodeIgniter->run()
11 SYSTEMPATH/Boot.php(68): CodeIgniter\Boot::runCodeIgniter()
12 FCPATH/index.php(59): CodeIgniter\Boot::bootWeb()
13 SYSTEMPATH/rewrite.php(44): require_once('/home/zax/Documents/GitHub/Location/public/index.php')
CRITICAL - 2026-06-29 20:52:07 --> ErrorException: require(/home/zax/Documents/GitHub/Location/app/Views/index/app/Views/includes/header.php): Failed to open stream: No such file or directory
[Method: GET, Route: /]
in APPPATH/Views/index/dashboard.php on line 2.
 1 APPPATH/Views/index/dashboard.php(2): CodeIgniter\Debug\Exceptions->errorHandler()
 2 APPPATH/Views/index/dashboard.php(2): require()
 3 SYSTEMPATH/View/View.php(240): include('/home/zax/Documents/GitHub/Location/app/Views/index/dashboard.php')
 4 SYSTEMPATH/View/View.php(243): CodeIgniter\View\View->CodeIgniter\View\{closure}()
 5 SYSTEMPATH/Common.php(1250): CodeIgniter\View\View->render()
 6 APPPATH/Controllers/Home.php(9): view()
 7 SYSTEMPATH/CodeIgniter.php(951): App\Controllers\Home->index()
 8 SYSTEMPATH/CodeIgniter.php(497): CodeIgniter\CodeIgniter->runController()
 9 SYSTEMPATH/CodeIgniter.php(340): CodeIgniter\CodeIgniter->handleRequest()
10 SYSTEMPATH/Boot.php(417): CodeIgniter\CodeIgniter->run()
11 SYSTEMPATH/Boot.php(68): CodeIgniter\Boot::runCodeIgniter()
12 FCPATH/index.php(59): CodeIgniter\Boot::bootWeb()
13 SYSTEMPATH/rewrite.php(44): require_once('/home/zax/Documents/GitHub/Location/public/index.php')
CRITICAL - 2026-06-29 20:52:08 --> ErrorException: require(/home/zax/Documents/GitHub/Location/app/Views/index/app/Views/includes/header.php): Failed to open stream: No such file or directory
[Method: GET, Route: /]
in APPPATH/Views/index/dashboard.php on line 2.
 1 APPPATH/Views/index/dashboard.php(2): CodeIgniter\Debug\Exceptions->errorHandler()
 2 APPPATH/Views/index/dashboard.php(2): require()
 3 SYSTEMPATH/View/View.php(240): include('/home/zax/Documents/GitHub/Location/app/Views/index/dashboard.php')
 4 SYSTEMPATH/View/View.php(243): CodeIgniter\View\View->CodeIgniter\View\{closure}()
 5 SYSTEMPATH/Common.php(1250): CodeIgniter\View\View->render()
 6 APPPATH/Controllers/Home.php(9): view()
 7 SYSTEMPATH/CodeIgniter.php(951): App\Controllers\Home->index()
 8 SYSTEMPATH/CodeIgniter.php(497): CodeIgniter\CodeIgniter->runController()
 9 SYSTEMPATH/CodeIgniter.php(340): CodeIgniter\CodeIgniter->handleRequest()
10 SYSTEMPATH/Boot.php(417): CodeIgniter\CodeIgniter->run()
11 SYSTEMPATH/Boot.php(68): CodeIgniter\Boot::runCodeIgniter()
12 FCPATH/index.php(59): CodeIgniter\Boot::bootWeb()
13 SYSTEMPATH/rewrite.php(44): require_once('/home/zax/Documents/GitHub/Location/public/index.php')
CRITICAL - 2026-06-29 20:52:09 --> ErrorException: require(/home/zax/Documents/GitHub/Location/app/Views/index/app/Views/includes/header.php): Failed to open stream: No such file or directory
[Method: GET, Route: /]
in APPPATH/Views/index/dashboard.php on line 2.
 1 APPPATH/Views/index/dashboard.php(2): CodeIgniter\Debug\Exceptions->errorHandler()
 2 APPPATH/Views/index/dashboard.php(2): require()
 3 SYSTEMPATH/View/View.php(240): include('/home/zax/Documents/GitHub/Location/app/Views/index/dashboard.php')
 4 SYSTEMPATH/View/View.php(243): CodeIgniter\View\View->CodeIgniter\View\{closure}()
 5 SYSTEMPATH/Common.php(1250): CodeIgniter\View\View->render()
 6 APPPATH/Controllers/Home.php(9): view()
 7 SYSTEMPATH/CodeIgniter.php(951): App\Controllers\Home->index()
 8 SYSTEMPATH/CodeIgniter.php(497): CodeIgniter\CodeIgniter->runController()
 9 SYSTEMPATH/CodeIgniter.php(340): CodeIgniter\CodeIgniter->handleRequest()
10 SYSTEMPATH/Boot.php(417): CodeIgniter\CodeIgniter->run()
11 SYSTEMPATH/Boot.php(68): CodeIgniter\Boot::runCodeIgniter()
12 FCPATH/index.php(59): CodeIgniter\Boot::bootWeb()
13 SYSTEMPATH/rewrite.php(44): require_once('/home/zax/Documents/GitHub/Location/public/index.php')
CRITICAL - 2026-06-29 20:52:09 --> ErrorException: require(/home/zax/Documents/GitHub/Location/app/Views/index/app/Views/includes/header.php): Failed to open stream: No such file or directory
[Method: GET, Route: /]
in APPPATH/Views/index/dashboard.php on line 2.
 1 APPPATH/Views/index/dashboard.php(2): CodeIgniter\Debug\Exceptions->errorHandler()
 2 APPPATH/Views/index/dashboard.php(2): require()
 3 SYSTEMPATH/View/View.php(240): include('/home/zax/Documents/GitHub/Location/app/Views/index/dashboard.php')
 4 SYSTEMPATH/View/View.php(243): CodeIgniter\View\View->CodeIgniter\View\{closure}()
 5 SYSTEMPATH/Common.php(1250): CodeIgniter\View\View->render()
 6 APPPATH/Controllers/Home.php(9): view()
 7 SYSTEMPATH/CodeIgniter.php(951): App\Controllers\Home->index()
 8 SYSTEMPATH/CodeIgniter.php(497): CodeIgniter\CodeIgniter->runController()
 9 SYSTEMPATH/CodeIgniter.php(340): CodeIgniter\CodeIgniter->handleRequest()
10 SYSTEMPATH/Boot.php(417): CodeIgniter\CodeIgniter->run()
11 SYSTEMPATH/Boot.php(68): CodeIgniter\Boot::runCodeIgniter()
12 FCPATH/index.php(59): CodeIgniter\Boot::bootWeb()
13 SYSTEMPATH/rewrite.php(44): require_once('/home/zax/Documents/GitHub/Location/public/index.php')
CRITICAL - 2026-06-29 20:52:10 --> ErrorException: require(/home/zax/Documents/GitHub/Location/app/Views/index/app/Views/includes/header.php): Failed to open stream: No such file or directory
[Method: GET, Route: /]
in APPPATH/Views/index/dashboard.php on line 2.
 1 APPPATH/Views/index/dashboard.php(2): CodeIgniter\Debug\Exceptions->errorHandler()
 2 APPPATH/Views/index/dashboard.php(2): require()
 3 SYSTEMPATH/View/View.php(240): include('/home/zax/Documents/GitHub/Location/app/Views/index/dashboard.php')
 4 SYSTEMPATH/View/View.php(243): CodeIgniter\View\View->CodeIgniter\View\{closure}()
 5 SYSTEMPATH/Common.php(1250): CodeIgniter\View\View->render()
 6 APPPATH/Controllers/Home.php(9): view()
 7 SYSTEMPATH/CodeIgniter.php(951): App\Controllers\Home->index()
 8 SYSTEMPATH/CodeIgniter.php(497): CodeIgniter\CodeIgniter->runController()
 9 SYSTEMPATH/CodeIgniter.php(340): CodeIgniter\CodeIgniter->handleRequest()
10 SYSTEMPATH/Boot.php(417): CodeIgniter\CodeIgniter->run()
11 SYSTEMPATH/Boot.php(68): CodeIgniter\Boot::runCodeIgniter()
12 FCPATH/index.php(59): CodeIgniter\Boot::bootWeb()
13 SYSTEMPATH/rewrite.php(44): require_once('/home/zax/Documents/GitHub/Location/public/index.php')
CRITICAL - 2026-06-29 20:52:10 --> ErrorException: require(/home/zax/Documents/GitHub/Location/app/Views/index/app/Views/includes/header.php): Failed to open stream: No such file or directory
[Method: GET, Route: /]
in APPPATH/Views/index/dashboard.php on line 2.
 1 APPPATH/Views/index/dashboard.php(2): CodeIgniter\Debug\Exceptions->errorHandler()
 2 APPPATH/Views/index/dashboard.php(2): require()
 3 SYSTEMPATH/View/View.php(240): include('/home/zax/Documents/GitHub/Location/app/Views/index/dashboard.php')
 4 SYSTEMPATH/View/View.php(243): CodeIgniter\View\View->CodeIgniter\View\{closure}()
 5 SYSTEMPATH/Common.php(1250): CodeIgniter\View\View->render()
 6 APPPATH/Controllers/Home.php(9): view()
 7 SYSTEMPATH/CodeIgniter.php(951): App\Controllers\Home->index()
 8 SYSTEMPATH/CodeIgniter.php(497): CodeIgniter\CodeIgniter->runController()
 9 SYSTEMPATH/CodeIgniter.php(340): CodeIgniter\CodeIgniter->handleRequest()
10 SYSTEMPATH/Boot.php(417): CodeIgniter\CodeIgniter->run()
11 SYSTEMPATH/Boot.php(68): CodeIgniter\Boot::runCodeIgniter()
12 FCPATH/index.php(59): CodeIgniter\Boot::bootWeb()
13 SYSTEMPATH/rewrite.php(44): require_once('/home/zax/Documents/GitHub/Location/public/index.php')
CRITICAL - 2026-06-29 20:52:10 --> ErrorException: require(/home/zax/Documents/GitHub/Location/app/Views/index/app/Views/includes/header.php): Failed to open stream: No such file or directory
[Method: GET, Route: /]
in APPPATH/Views/index/dashboard.php on line 2.
 1 APPPATH/Views/index/dashboard.php(2): CodeIgniter\Debug\Exceptions->errorHandler()
 2 APPPATH/Views/index/dashboard.php(2): require()
 3 SYSTEMPATH/View/View.php(240): include('/home/zax/Documents/GitHub/Location/app/Views/index/dashboard.php')
 4 SYSTEMPATH/View/View.php(243): CodeIgniter\View\View->CodeIgniter\View\{closure}()
 5 SYSTEMPATH/Common.php(1250): CodeIgniter\View\View->render()
 6 APPPATH/Controllers/Home.php(9): view()
 7 SYSTEMPATH/CodeIgniter.php(951): App\Controllers\Home->index()
 8 SYSTEMPATH/CodeIgniter.php(497): CodeIgniter\CodeIgniter->runController()
 9 SYSTEMPATH/CodeIgniter.php(340): CodeIgniter\CodeIgniter->handleRequest()
10 SYSTEMPATH/Boot.php(417): CodeIgniter\CodeIgniter->run()
11 SYSTEMPATH/Boot.php(68): CodeIgniter\Boot::runCodeIgniter()
12 FCPATH/index.php(59): CodeIgniter\Boot::bootWeb()
13 SYSTEMPATH/rewrite.php(44): require_once('/home/zax/Documents/GitHub/Location/public/index.php')
CRITICAL - 2026-06-29 20:52:10 --> ErrorException: require(/home/zax/Documents/GitHub/Location/app/Views/index/app/Views/includes/header.php): Failed to open stream: No such file or directory
[Method: GET, Route: /]
in APPPATH/Views/index/dashboard.php on line 2.
 1 APPPATH/Views/index/dashboard.php(2): CodeIgniter\Debug\Exceptions->errorHandler()
 2 APPPATH/Views/index/dashboard.php(2): require()
 3 SYSTEMPATH/View/View.php(240): include('/home/zax/Documents/GitHub/Location/app/Views/index/dashboard.php')
 4 SYSTEMPATH/View/View.php(243): CodeIgniter\View\View->CodeIgniter\View\{closure}()
 5 SYSTEMPATH/Common.php(1250): CodeIgniter\View\View->render()
 6 APPPATH/Controllers/Home.php(9): view()
 7 SYSTEMPATH/CodeIgniter.php(951): App\Controllers\Home->index()
 8 SYSTEMPATH/CodeIgniter.php(497): CodeIgniter\CodeIgniter->runController()
 9 SYSTEMPATH/CodeIgniter.php(340): CodeIgniter\CodeIgniter->handleRequest()
10 SYSTEMPATH/Boot.php(417): CodeIgniter\CodeIgniter->run()
11 SYSTEMPATH/Boot.php(68): CodeIgniter\Boot::runCodeIgniter()
12 FCPATH/index.php(59): CodeIgniter\Boot::bootWeb()
13 SYSTEMPATH/rewrite.php(44): require_once('/home/zax/Documents/GitHub/Location/public/index.php')
